2023-09-26 17:17:54.348 [info] Extension host with pid 69804 started
2023-09-26 17:17:54.348 [info] Skipping acquiring lock for /home/ulys/.config/Code/User/workspaceStorage/c4d684e94869965f80fd2f980c479e0e.
2023-09-26 17:17:54.388 [info] ExtensionService#_doActivateExtension vscode.git-base, startup: true, activationEvent: '*', root cause: vscode.git
2023-09-26 17:17:54.396 [info] ExtensionService#_doActivateExtension vscode.git, startup: true, activationEvent: '*'
2023-09-26 17:17:54.422 [info] ExtensionService#_doActivateExtension vscode.github, startup: true, activationEvent: '*'
2023-09-26 17:17:54.483 [info] Eager extensions activated
2023-09-26 17:17:54.511 [info] ExtensionService#_doActivateExtension vscode.debug-auto-launch, startup: false, activationEvent: 'onStartupFinished'
2023-09-26 17:17:54.513 [info] ExtensionService#_doActivateExtension vscode.merge-conflict, startup: false, activationEvent: 'onStartupFinished'
2023-09-26 17:17:54.526 [info] ExtensionService#_doActivateExtension vscode.github-authentication, startup: false, activationEvent: 'onAuthenticationRequest:github'
2023-09-26 17:17:54.612 [info] ExtensionService#_doActivateExtension vscode.microsoft-authentication, startup: false, activationEvent: 'onAuthenticationRequest:microsoft'
2023-09-26 17:17:56.196 [info] Extension host terminating: renderer closed the MessagePort
2023-09-26 17:17:56.242 [error] ProxyResolver#resolveProxy undefined Canceled: Canceled
	at new h (/opt/visual-studio-code/resources/app/out/vs/workbench/api/node/extensionHostProcess.js:107:57382)
	at i.O (/opt/visual-studio-code/resources/app/out/vs/workbench/api/node/extensionHostProcess.js:116:10850)
	at j.<computed>.T.charCodeAt.j.<computed> (/opt/visual-studio-code/resources/app/out/vs/workbench/api/node/extensionHostProcess.js:116:8289)
	at p.resolveProxy (/opt/visual-studio-code/resources/app/out/vs/workbench/api/node/extensionHostProcess.js:117:19663)
	at Object.resolveProxy (/opt/visual-studio-code/resources/app/out/vs/workbench/api/node/extensionHostProcess.js:99:18172)
	at useProxySettings (/opt/visual-studio-code/resources/app/node_modules.asar/@vscode/proxy-agent/out/index.js:165:16)
	at /opt/visual-studio-code/resources/app/node_modules.asar/@vscode/proxy-agent/out/index.js:113:13
	at /opt/visual-studio-code/resources/app/node_modules.asar/@vscode/proxy-agent/out/index.js:450:13 
2023-09-26 17:18:01.206 [info] Extension host with pid 69804 exiting with code 0
