2023-09-27 14:02:45.193 [info] Extension host with pid 10982 started
2023-09-27 14:02:45.193 [info] Skipping acquiring lock for /home/ulys/.config/Code/User/workspaceStorage/c4d684e94869965f80fd2f980c479e0e.
2023-09-27 14:02:45.219 [info] ExtensionService#_doActivateExtension vscode.git-base, startup: true, activationEvent: '*', root cause: vscode.git
2023-09-27 14:02:45.226 [info] ExtensionService#_doActivateExtension vscode.git, startup: true, activationEvent: '*'
2023-09-27 14:02:45.255 [info] ExtensionService#_doActivateExtension vscode.github, startup: true, activationEvent: '*'
2023-09-27 14:02:45.313 [info] Eager extensions activated
2023-09-27 14:02:45.333 [info] ExtensionService#_doActivateExtension vscode.debug-auto-launch, startup: false, activationEvent: 'onStartupFinished'
2023-09-27 14:02:45.336 [info] ExtensionService#_doActivateExtension vscode.merge-conflict, startup: false, activationEvent: 'onStartupFinished'
2023-09-27 14:02:45.389 [info] ExtensionService#_doActivateExtension vscode.github-authentication, startup: false, activationEvent: 'onAuthenticationRequest:github'
2023-09-27 14:02:45.476 [info] ExtensionService#_doActivateExtension vscode.microsoft-authentication, startup: false, activationEvent: 'onAuthenticationRequest:microsoft'
2023-09-27 14:02:46.767 [info] Extension host terminating: renderer closed the MessagePort
2023-09-27 14:02:46.801 [error] ProxyResolver#resolveProxy undefined Canceled: Canceled
	at new h (/opt/visual-studio-code/resources/app/out/vs/workbench/api/node/extensionHostProcess.js:107:57382)
	at i.O (/opt/visual-studio-code/resources/app/out/vs/workbench/api/node/extensionHostProcess.js:116:10850)
	at j.<computed>.T.charCodeAt.j.<computed> (/opt/visual-studio-code/resources/app/out/vs/workbench/api/node/extensionHostProcess.js:116:8289)
	at p.resolveProxy (/opt/visual-studio-code/resources/app/out/vs/workbench/api/node/extensionHostProcess.js:117:19663)
	at Object.resolveProxy (/opt/visual-studio-code/resources/app/out/vs/workbench/api/node/extensionHostProcess.js:99:18172)
	at useProxySettings (/opt/visual-studio-code/resources/app/node_modules.asar/@vscode/proxy-agent/out/index.js:165:16)
	at /opt/visual-studio-code/resources/app/node_modules.asar/@vscode/proxy-agent/out/index.js:113:13
	at /opt/visual-studio-code/resources/app/node_modules.asar/@vscode/proxy-agent/out/index.js:450:13 
2023-09-27 14:02:51.775 [info] Extension host with pid 10982 exiting with code 0
